# JRE version: Java(TM) SE Runtime Environment (8.0_161-b12) (build 1.8.0_161-b12)
# Java VM: Java HotSpot(TM) 64-Bit Server VM (25.161-b12 mixed mode windows-amd64 compressed oops)
Heap:
 PSYoungGen      total 383488K, used 367616K [0x00000000d5f00000, 0x00000000ef080000, 0x0000000100000000)
  eden space 367616K, 100% used [0x00000000d5f00000,0x00000000ec600000,0x00000000ec600000)
  from space 15872K, 0% used [0x00000000ed580000,0x00000000ed580000,0x00000000ee500000)
  to   space 15872K, 0% used [0x00000000ec600000,0x00000000ec600000,0x00000000ed580000)
 ParOldGen       total 86016K, used 36736K [0x0000000081c00000, 0x0000000087000000, 0x00000000d5f00000)
  object space 86016K, 42% used [0x0000000081c00000,0x0000000083fe0308,0x0000000087000000)
 Metaspace       used 69848K, capacity 72986K, committed 73108K, reserved 1112064K
  class space    used 9348K, capacity 9911K, committed 9916K, reserved 1048576K
GC Heap History (10 events):
Event: 16.065 GC heap before
{Heap before GC invocations=11 (full 2):
 PSYoungGen      total 225792K, used 10741K [0x00000000d5f00000, 0x00000000e9b80000, 0x0000000100000000)
  eden space 215040K, 0% used [0x00000000d5f00000,0x00000000d5f00000,0x00000000e3100000)
  from space 10752K, 99% used [0x00000000e3100000,0x00000000e3b7d498,0x00000000e3b80000)
  to   space 13824K, 0% used [0x00000000e8e00000,0x00000000e8e00000,0x00000000e9b80000)
 ParOldGen       total 54272K, used 11750K [0x0000000081c00000, 0x0000000085100000, 0x00000000d5f00000)
  object space 54272K, 21% used [0x0000000081c00000,0x00000000827798a8,0x0000000085100000)
 Metaspace       used 34061K, capacity 35312K, committed 35416K, reserved 1079296K
  class space    used 4410K, capacity 4664K, committed 4736K, reserved 1048576K
Event: 16.183 GC heap after
Heap after GC invocations=11 (full 2):
 PSYoungGen      total 225792K, used 0K [0x00000000d5f00000, 0x00000000e9b80000, 0x0000000100000000)
  eden space 215040K, 0% used [0x00000000d5f00000,0x00000000d5f00000,0x00000000e3100000)
  from space 10752K, 0% used [0x00000000e3100000,0x00000000e3100000,0x00000000e3b80000)
  to   space 13824K, 0% used [0x00000000e8e00000,0x00000000e8e00000,0x00000000e9b80000)
 ParOldGen       total 86016K, used 19063K [0x0000000081c00000, 0x0000000087000000, 0x00000000d5f00000)
  object space 86016K, 22% used [0x0000000081c00000,0x0000000082e9dd28,0x0000000087000000)
 Metaspace       used 34061K, capacity 35312K, committed 35416K, reserved 1079296K
  class space    used 4410K, capacity 4664K, committed 4736K, reserved 1048576K
}
Event: 19.641 GC heap before
{Heap before GC invocations=12 (full 2):
 PSYoungGen      total 225792K, used 215040K [0x00000000d5f00000, 0x00000000e9b80000, 0x0000000100000000)
  eden space 215040K, 100% used [0x00000000d5f00000,0x00000000e3100000,0x00000000e3100000)
  from space 10752K, 0% used [0x00000000e3100000,0x00000000e3100000,0x00000000e3b80000)
  to   space 13824K, 0% used [0x00000000e8e00000,0x00000000e8e00000,0x00000000e9b80000)
 ParOldGen       total 86016K, used 19063K [0x0000000081c00000, 0x0000000087000000, 0x00000000d5f00000)
  object space 86016K, 22% used [0x0000000081c00000,0x0000000082e9dd28,0x0000000087000000)
 Metaspace       used 42014K, capacity 43714K, committed 43864K, reserved 1087488K
  class space    used 5331K, capacity 5645K, committed 5760K, reserved 1048576K
Event: 19.660 GC heap after
Heap after GC invocations=12 (full 2):
 PSYoungGen      total 296960K, used 13628K [0x00000000d5f00000, 0x00000000e9b80000, 0x0000000100000000)
  eden space 283136K, 0% used [0x00000000d5f00000,0x00000000d5f00000,0x00000000e7380000)
  from space 13824K, 98% used [0x00000000e8e00000,0x00000000e9b4f138,0x00000000e9b80000)
  to   space 15360K, 0% used [0x00000000e7d80000,0x00000000e7d80000,0x00000000e8c80000)
 ParOldGen       total 86016K, used 19071K [0x0000000081c00000, 0x0000000087000000, 0x00000000d5f00000)
  object space 86016K, 22% used [0x0000000081c00000,0x0000000082e9fd28,0x0000000087000000)
 Metaspace       used 42014K, capacity 43714K, committed 43864K, reserved 1087488K
  class space    used 5331K, capacity 5645K, committed 5760K, reserved 1048576K
}
Event: 25.830 GC heap before
{Heap before GC invocations=13 (full 2):
 PSYoungGen      total 296960K, used 296764K [0x00000000d5f00000, 0x00000000e9b80000, 0x0000000100000000)
  eden space 283136K, 100% used [0x00000000d5f00000,0x00000000e7380000,0x00000000e7380000)
  from space 13824K, 98% used [0x00000000e8e00000,0x00000000e9b4f138,0x00000000e9b80000)
  to   space 15360K, 0% used [0x00000000e7d80000,0x00000000e7d80000,0x00000000e8c80000)
 ParOldGen       total 86016K, used 19071K [0x0000000081c00000, 0x0000000087000000, 0x00000000d5f00000)
  object space 86016K, 22% used [0x0000000081c00000,0x0000000082e9fd28,0x0000000087000000)
 Metaspace       used 47622K, capacity 49896K, committed 50008K, reserved 1093632K
  class space    used 6084K, capacity 6510K, committed 6528K, reserved 1048576K
Event: 25.870 GC heap after
Heap after GC invocations=13 (full 2):
 PSYoungGen      total 308736K, used 11802K [0x00000000d5f00000, 0x00000000ee500000, 0x0000000100000000)
  eden space 293376K, 0% used [0x00000000d5f00000,0x00000000d5f00000,0x00000000e7d80000)
  from space 15360K, 76% used [0x00000000e7d80000,0x00000000e8906b98,0x00000000e8c80000)
  to   space 15872K, 0% used [0x00000000ed580000,0x00000000ed580000,0x00000000ee500000)
 ParOldGen       total 86016K, used 26679K [0x0000000081c00000, 0x0000000087000000, 0x00000000d5f00000)
  object space 86016K, 31% used [0x0000000081c00000,0x000000008360de30,0x0000000087000000)
 Metaspace       used 47622K, capacity 49896K, committed 50008K, reserved 1093632K
  class space    used 6084K, capacity 6510K, committed 6528K, reserved 1048576K
}
Event: 29.119 GC heap before
{Heap before GC invocations=14 (full 2):
 PSYoungGen      total 308736K, used 180880K [0x00000000d5f00000, 0x00000000ee500000, 0x0000000100000000)
  eden space 293376K, 57% used [0x00000000d5f00000,0x00000000e041d580,0x00000000e7d80000)
  from space 15360K, 76% used [0x00000000e7d80000,0x00000000e8906b98,0x00000000e8c80000)
  to   space 15872K, 0% used [0x00000000ed580000,0x00000000ed580000,0x00000000ee500000)
 ParOldGen       total 86016K, used 26679K [0x0000000081c00000, 0x0000000087000000, 0x00000000d5f00000)
  object space 86016K, 31% used [0x0000000081c00000,0x000000008360de30,0x0000000087000000)
 Metaspace       used 56623K, capacity 58930K, committed 59028K, reserved 1099776K
  class space    used 7405K, capacity 7857K, committed 7868K, reserved 1048576K
Event: 29.148 GC heap after
Heap after GC invocations=14 (full 2):
 PSYoungGen      total 383488K, used 9977K [0x00000000d5f00000, 0x00000000ef080000, 0x0000000100000000)
  eden space 367616K, 0% used [0x00000000d5f00000,0x00000000d5f00000,0x00000000ec600000)
  from space 15872K, 62% used [0x00000000ed580000,0x00000000edf3e4d8,0x00000000ee500000)
  to   space 15872K, 0% used [0x00000000ec600000,0x00000000ec600000,0x00000000ed580000)
 ParOldGen       total 86016K, used 32559K [0x0000000081c00000, 0x0000000087000000, 0x00000000d5f00000)
  object space 86016K, 37% used [0x0000000081c00000,0x0000000083bcbdd8,0x0000000087000000)
 Metaspace       used 56623K, capacity 58930K, committed 59028K, reserved 1099776K
  class space    used 7405K, capacity 7857K, committed 7868K, reserved 1048576K
}
Event: 29.148 GC heap before
{Heap before GC invocations=15 (full 3):
 PSYoungGen      total 383488K, used 9977K [0x00000000d5f00000, 0x00000000ef080000, 0x0000000100000000)
  eden space 367616K, 0% used [0x00000000d5f00000,0x00000000d5f00000,0x00000000ec600000)
  from space 15872K, 62% used [0x00000000ed580000,0x00000000edf3e4d8,0x00000000ee500000)
  to   space 15872K, 0% used [0x00000000ec600000,0x00000000ec600000,0x00000000ed580000)
 ParOldGen       total 86016K, used 32559K [0x0000000081c00000, 0x0000000087000000, 0x00000000d5f00000)
  object space 86016K, 37% used [0x0000000081c00000,0x0000000083bcbdd8,0x0000000087000000)
 Metaspace       used 56623K, capacity 58930K, committed 59028K, reserved 1099776K
  class space    used 7405K, capacity 7857K, committed 7868K, reserved 1048576K
Event: 29.422 GC heap after
Heap after GC invocations=15 (full 3):
 PSYoungGen      total 383488K, used 0K [0x00000000d5f00000, 0x00000000ef080000, 0x0000000100000000)
  eden space 367616K, 0% used [0x00000000d5f00000,0x00000000d5f00000,0x00000000ec600000)
  from space 15872K, 0% used [0x00000000ed580000,0x00000000ed580000,0x00000000ee500000)
  to   space 15872K, 0% used [0x00000000ec600000,0x00000000ec600000,0x00000000ed580000)
 ParOldGen       total 86016K, used 36736K [0x0000000081c00000, 0x0000000087000000, 0x00000000d5f00000)
  object space 86016K, 42% used [0x0000000081c00000,0x0000000083fe0308,0x0000000087000000)
 Metaspace       used 56623K, capacity 58930K, committed 59028K, reserved 1099776K
  class space    used 7405K, capacity 7857K, committed 7868K, reserved 1048576K
}

