# JRE version: Java(TM) SE Runtime Environment (8.0_161-b12) (build 1.8.0_161-b12)
# Java VM: Java HotSpot(TM) 64-Bit Server VM (25.161-b12 mixed mode windows-amd64 compressed oops)
Heap:
 PSYoungGen      total 320000K, used 15582K [0x00000000d5f00000, 0x00000000ed980000, 0x0000000100000000)
  eden space 304128K, 0% used [0x00000000d5f00000,0x00000000d5f00000,0x00000000e8800000)
  from space 15872K, 98% used [0x00000000eca00000,0x00000000ed937bf0,0x00000000ed980000)
  to   space 15360K, 0% used [0x00000000e8800000,0x00000000e8800000,0x00000000e9700000)
 ParOldGen       total 85504K, used 26895K [0x0000000081c00000, 0x0000000086f80000, 0x00000000d5f00000)
  object space 85504K, 31% used [0x0000000081c00000,0x0000000083643eb0,0x0000000086f80000)
 Metaspace       used 56623K, capacity 58914K, committed 59028K, reserved 1099776K
  class space    used 7406K, capacity 7857K, committed 7868K, reserved 1048576K
GC Heap History (10 events):
Event: 15.317 GC heap after
Heap after GC invocations=10 (full 1):
 PSYoungGen      total 230400K, used 10741K [0x00000000d5f00000, 0x00000000ea600000, 0x0000000100000000)
  eden space 219648K, 0% used [0x00000000d5f00000,0x00000000d5f00000,0x00000000e3580000)
  from space 10752K, 99% used [0x00000000e3580000,0x00000000e3ffd580,0x00000000e4000000)
  to   space 13824K, 0% used [0x00000000e9880000,0x00000000e9880000,0x00000000ea600000)
 ParOldGen       total 52224K, used 11611K [0x0000000081c00000, 0x0000000084f00000, 0x00000000d5f00000)
  object space 52224K, 22% used [0x0000000081c00000,0x0000000082756fa8,0x0000000084f00000)
 Metaspace       used 34041K, capacity 35288K, committed 35416K, reserved 1079296K
  class space    used 4410K, capacity 4664K, committed 4736K, reserved 1048576K
}
Event: 15.317 GC heap before
{Heap before GC invocations=11 (full 2):
 PSYoungGen      total 230400K, used 10741K [0x00000000d5f00000, 0x00000000ea600000, 0x0000000100000000)
  eden space 219648K, 0% used [0x00000000d5f00000,0x00000000d5f00000,0x00000000e3580000)
  from space 10752K, 99% used [0x00000000e3580000,0x00000000e3ffd580,0x00000000e4000000)
  to   space 13824K, 0% used [0x00000000e9880000,0x00000000e9880000,0x00000000ea600000)
 ParOldGen       total 52224K, used 11611K [0x0000000081c00000, 0x0000000084f00000, 0x00000000d5f00000)
  object space 52224K, 22% used [0x0000000081c00000,0x0000000082756fa8,0x0000000084f00000)
 Metaspace       used 34041K, capacity 35288K, committed 35416K, reserved 1079296K
  class space    used 4410K, capacity 4664K, committed 4736K, reserved 1048576K
Event: 15.481 GC heap after
Heap after GC invocations=11 (full 2):
 PSYoungGen      total 230400K, used 0K [0x00000000d5f00000, 0x00000000ea600000, 0x0000000100000000)
  eden space 219648K, 0% used [0x00000000d5f00000,0x00000000d5f00000,0x00000000e3580000)
  from space 10752K, 0% used [0x00000000e3580000,0x00000000e3580000,0x00000000e4000000)
  to   space 13824K, 0% used [0x00000000e9880000,0x00000000e9880000,0x00000000ea600000)
 ParOldGen       total 85504K, used 18961K [0x0000000081c00000, 0x0000000086f80000, 0x00000000d5f00000)
  object space 85504K, 22% used [0x0000000081c00000,0x0000000082e846a0,0x0000000086f80000)
 Metaspace       used 34041K, capacity 35288K, committed 35416K, reserved 1079296K
  class space    used 4410K, capacity 4664K, committed 4736K, reserved 1048576K
}
Event: 20.756 GC heap before
{Heap before GC invocations=12 (full 2):
 PSYoungGen      total 230400K, used 219648K [0x00000000d5f00000, 0x00000000ea600000, 0x0000000100000000)
  eden space 219648K, 100% used [0x00000000d5f00000,0x00000000e3580000,0x00000000e3580000)
  from space 10752K, 0% used [0x00000000e3580000,0x00000000e3580000,0x00000000e4000000)
  to   space 13824K, 0% used [0x00000000e9880000,0x00000000e9880000,0x00000000ea600000)
 ParOldGen       total 85504K, used 18961K [0x0000000081c00000, 0x0000000086f80000, 0x00000000d5f00000)
  object space 85504K, 22% used [0x0000000081c00000,0x0000000082e846a0,0x0000000086f80000)
 Metaspace       used 42333K, capacity 44090K, committed 44376K, reserved 1087488K
  class space    used 5362K, capacity 5711K, committed 5760K, reserved 1048576K
Event: 20.780 GC heap after
Heap after GC invocations=12 (full 2):
 PSYoungGen      total 295424K, used 13817K [0x00000000d5f00000, 0x00000000ea600000, 0x0000000100000000)
  eden space 281600K, 0% used [0x00000000d5f00000,0x00000000d5f00000,0x00000000e7200000)
  from space 13824K, 99% used [0x00000000e9880000,0x00000000ea5fe510,0x00000000ea600000)
  to   space 15360K, 0% used [0x00000000e8800000,0x00000000e8800000,0x00000000e9700000)
 ParOldGen       total 85504K, used 19111K [0x0000000081c00000, 0x0000000086f80000, 0x00000000d5f00000)
  object space 85504K, 22% used [0x0000000081c00000,0x0000000082ea9d88,0x0000000086f80000)
 Metaspace       used 42333K, capacity 44090K, committed 44376K, reserved 1087488K
  class space    used 5362K, capacity 5711K, committed 5760K, reserved 1048576K
}
Event: 28.481 GC heap before
{Heap before GC invocations=13 (full 2):
 PSYoungGen      total 295424K, used 295417K [0x00000000d5f00000, 0x00000000ea600000, 0x0000000100000000)
  eden space 281600K, 100% used [0x00000000d5f00000,0x00000000e7200000,0x00000000e7200000)
  from space 13824K, 99% used [0x00000000e9880000,0x00000000ea5fe510,0x00000000ea600000)
  to   space 15360K, 0% used [0x00000000e8800000,0x00000000e8800000,0x00000000e9700000)
 ParOldGen       total 85504K, used 19111K [0x0000000081c00000, 0x0000000086f80000, 0x00000000d5f00000)
  object space 85504K, 22% used [0x0000000081c00000,0x0000000082ea9d88,0x0000000086f80000)
 Metaspace       used 47620K, capacity 49876K, committed 50008K, reserved 1093632K
  class space    used 6085K, capacity 6510K, committed 6528K, reserved 1048576K
Event: 28.532 GC heap after
Heap after GC invocations=13 (full 2):
 PSYoungGen      total 319488K, used 11509K [0x00000000d5f00000, 0x00000000ed980000, 0x0000000100000000)
  eden space 304128K, 0% used [0x00000000d5f00000,0x00000000d5f00000,0x00000000e8800000)
  from space 15360K, 74% used [0x00000000e8800000,0x00000000e933d7d0,0x00000000e9700000)
  to   space 15872K, 0% used [0x00000000eca00000,0x00000000eca00000,0x00000000ed980000)
 ParOldGen       total 85504K, used 26887K [0x0000000081c00000, 0x0000000086f80000, 0x00000000d5f00000)
  object space 85504K, 31% used [0x0000000081c00000,0x0000000083641eb0,0x0000000086f80000)
 Metaspace       used 47620K, capacity 49876K, committed 50008K, reserved 1093632K
  class space    used 6085K, capacity 6510K, committed 6528K, reserved 1048576K
}
Event: 31.223 GC heap before
{Heap before GC invocations=14 (full 2):
 PSYoungGen      total 319488K, used 177869K [0x00000000d5f00000, 0x00000000ed980000, 0x0000000100000000)
  eden space 304128K, 54% used [0x00000000d5f00000,0x00000000e0175cc8,0x00000000e8800000)
  from space 15360K, 74% used [0x00000000e8800000,0x00000000e933d7d0,0x00000000e9700000)
  to   space 15872K, 0% used [0x00000000eca00000,0x00000000eca00000,0x00000000ed980000)
 ParOldGen       total 85504K, used 26887K [0x0000000081c00000, 0x0000000086f80000, 0x00000000d5f00000)
  object space 85504K, 31% used [0x0000000081c00000,0x0000000083641eb0,0x0000000086f80000)
 Metaspace       used 56623K, capacity 58914K, committed 59028K, reserved 1099776K
  class space    used 7406K, capacity 7857K, committed 7868K, reserved 1048576K
Event: 31.259 GC heap after
Heap after GC invocations=14 (full 2):
 PSYoungGen      total 320000K, used 15582K [0x00000000d5f00000, 0x00000000ed980000, 0x0000000100000000)
  eden space 304128K, 0% used [0x00000000d5f00000,0x00000000d5f00000,0x00000000e8800000)
  from space 15872K, 98% used [0x00000000eca00000,0x00000000ed937bf0,0x00000000ed980000)
  to   space 15360K, 0% used [0x00000000e8800000,0x00000000e8800000,0x00000000e9700000)
 ParOldGen       total 85504K, used 26895K [0x0000000081c00000, 0x0000000086f80000, 0x00000000d5f00000)
  object space 85504K, 31% used [0x0000000081c00000,0x0000000083643eb0,0x0000000086f80000)
 Metaspace       used 56623K, capacity 58914K, committed 59028K, reserved 1099776K
  class space    used 7406K, capacity 7857K, committed 7868K, reserved 1048576K
}
Event: 31.259 GC heap before
{Heap before GC invocations=15 (full 3):
 PSYoungGen      total 320000K, used 15582K [0x00000000d5f00000, 0x00000000ed980000, 0x0000000100000000)
  eden space 304128K, 0% used [0x00000000d5f00000,0x00000000d5f00000,0x00000000e8800000)
  from space 15872K, 98% used [0x00000000eca00000,0x00000000ed937bf0,0x00000000ed980000)
  to   space 15360K, 0% used [0x00000000e8800000,0x00000000e8800000,0x00000000e9700000)
 ParOldGen       total 85504K, used 26895K [0x0000000081c00000, 0x0000000086f80000, 0x00000000d5f00000)
  object space 85504K, 31% used [0x0000000081c00000,0x0000000083643eb0,0x0000000086f80000)
 Metaspace       used 56623K, capacity 58914K, committed 59028K, reserved 1099776K
  class space    used 7406K, capacity 7857K, committed 7868K, reserved 1048576K

