# JRE version: Java(TM) SE Runtime Environment (8.0_161-b12) (build 1.8.0_161-b12)
# Java VM: Java HotSpot(TM) 64-Bit Server VM (25.161-b12 mixed mode windows-amd64 compressed oops)
Heap:
 PSYoungGen      total 205312K, used 154258K [0x00000000d5f00000, 0x00000000e7600000, 0x0000000100000000)
  eden space 193536K, 73% used [0x00000000d5f00000,0x00000000dea29c88,0x00000000e1c00000)
  from space 11776K, 99% used [0x00000000e1c00000,0x00000000e277ad80,0x00000000e2780000)
  to   space 14848K, 10% used [0x00000000e6780000,0x00000000e68f8028,0x00000000e7600000)
 ParOldGen       total 77824K, used 18375K [0x0000000081c00000, 0x0000000086800000, 0x00000000d5f00000)
  object space 77824K, 23% used [0x0000000081c00000,0x0000000082df1fa8,0x0000000086800000)
 Metaspace       used 48952K, capacity 51398K, committed 51456K, reserved 1097728K
  class space    used 6417K, capacity 6860K, committed 6912K, reserved 1048576K
GC Heap History (10 events):
Event: 6.464 GC heap after
Heap after GC invocations=7 (full 1):
 PSYoungGen      total 120832K, used 5112K [0x00000000d5f00000, 0x00000000def80000, 0x0000000100000000)
  eden space 115712K, 0% used [0x00000000d5f00000,0x00000000d5f00000,0x00000000dd000000)
  from space 5120K, 99% used [0x00000000dea80000,0x00000000def7e028,0x00000000def80000)
  to   space 9216K, 0% used [0x00000000ddd80000,0x00000000ddd80000,0x00000000de680000)
 ParOldGen       total 55296K, used 9133K [0x0000000081c00000, 0x0000000085200000, 0x00000000d5f00000)
  object space 55296K, 16% used [0x0000000081c00000,0x00000000824eb610,0x0000000085200000)
 Metaspace       used 25293K, capacity 26130K, committed 26240K, reserved 1073152K
  class space    used 3201K, capacity 3436K, committed 3456K, reserved 1048576K
}
Event: 10.630 GC heap before
{Heap before GC invocations=8 (full 1):
 PSYoungGen      total 120832K, used 120824K [0x00000000d5f00000, 0x00000000def80000, 0x0000000100000000)
  eden space 115712K, 100% used [0x00000000d5f00000,0x00000000dd000000,0x00000000dd000000)
  from space 5120K, 99% used [0x00000000dea80000,0x00000000def7e028,0x00000000def80000)
  to   space 9216K, 0% used [0x00000000ddd80000,0x00000000ddd80000,0x00000000de680000)
 ParOldGen       total 55296K, used 9133K [0x0000000081c00000, 0x0000000085200000, 0x00000000d5f00000)
  object space 55296K, 16% used [0x0000000081c00000,0x00000000824eb610,0x0000000085200000)
 Metaspace       used 30051K, capacity 31094K, committed 31232K, reserved 1077248K
  class space    used 3810K, capacity 4054K, committed 4096K, reserved 1048576K
Event: 10.645 GC heap after
Heap after GC invocations=8 (full 1):
 PSYoungGen      total 138752K, used 8828K [0x00000000d5f00000, 0x00000000e3180000, 0x0000000100000000)
  eden space 129536K, 0% used [0x00000000d5f00000,0x00000000d5f00000,0x00000000ddd80000)
  from space 9216K, 95% used [0x00000000ddd80000,0x00000000de61f110,0x00000000de680000)
  to   space 10240K, 0% used [0x00000000e2780000,0x00000000e2780000,0x00000000e3180000)
 ParOldGen       total 55296K, used 9141K [0x0000000081c00000, 0x0000000085200000, 0x00000000d5f00000)
  object space 55296K, 16% used [0x0000000081c00000,0x00000000824ed610,0x0000000085200000)
 Metaspace       used 30051K, capacity 31094K, committed 31232K, reserved 1077248K
  class space    used 3810K, capacity 4054K, committed 4096K, reserved 1048576K
}
Event: 12.101 GC heap before
{Heap before GC invocations=9 (full 1):
 PSYoungGen      total 138752K, used 104928K [0x00000000d5f00000, 0x00000000e3180000, 0x0000000100000000)
  eden space 129536K, 74% used [0x00000000d5f00000,0x00000000dbcd9210,0x00000000ddd80000)
  from space 9216K, 95% used [0x00000000ddd80000,0x00000000de61f110,0x00000000de680000)
  to   space 10240K, 0% used [0x00000000e2780000,0x00000000e2780000,0x00000000e3180000)
 ParOldGen       total 55296K, used 9141K [0x0000000081c00000, 0x0000000085200000, 0x00000000d5f00000)
  object space 55296K, 16% used [0x0000000081c00000,0x00000000824ed610,0x0000000085200000)
 Metaspace       used 33946K, capacity 35298K, committed 35456K, reserved 1079296K
  class space    used 4344K, capacity 4620K, committed 4736K, reserved 1048576K
Event: 12.126 GC heap after
Heap after GC invocations=9 (full 1):
 PSYoungGen      total 203776K, used 10222K [0x00000000d5f00000, 0x00000000e4b80000, 0x0000000100000000)
  eden space 193536K, 0% used [0x00000000d5f00000,0x00000000d5f00000,0x00000000e1c00000)
  from space 10240K, 99% used [0x00000000e2780000,0x00000000e317bba8,0x00000000e3180000)
  to   space 11776K, 0% used [0x00000000e1c00000,0x00000000e1c00000,0x00000000e2780000)
 ParOldGen       total 55296K, used 9751K [0x0000000081c00000, 0x0000000085200000, 0x00000000d5f00000)
  object space 55296K, 17% used [0x0000000081c00000,0x0000000082585ee0,0x0000000085200000)
 Metaspace       used 33946K, capacity 35298K, committed 35456K, reserved 1079296K
  class space    used 4344K, capacity 4620K, committed 4736K, reserved 1048576K
}
Event: 12.126 GC heap before
{Heap before GC invocations=10 (full 2):
 PSYoungGen      total 203776K, used 10222K [0x00000000d5f00000, 0x00000000e4b80000, 0x0000000100000000)
  eden space 193536K, 0% used [0x00000000d5f00000,0x00000000d5f00000,0x00000000e1c00000)
  from space 10240K, 99% used [0x00000000e2780000,0x00000000e317bba8,0x00000000e3180000)
  to   space 11776K, 0% used [0x00000000e1c00000,0x00000000e1c00000,0x00000000e2780000)
 ParOldGen       total 55296K, used 9751K [0x0000000081c00000, 0x0000000085200000, 0x00000000d5f00000)
  object space 55296K, 17% used [0x0000000081c00000,0x0000000082585ee0,0x0000000085200000)
 Metaspace       used 33946K, capacity 35298K, committed 35456K, reserved 1079296K
  class space    used 4344K, capacity 4620K, committed 4736K, reserved 1048576K
Event: 12.233 GC heap after
Heap after GC invocations=10 (full 2):
 PSYoungGen      total 203776K, used 0K [0x00000000d5f00000, 0x00000000e4b80000, 0x0000000100000000)
  eden space 193536K, 0% used [0x00000000d5f00000,0x00000000d5f00000,0x00000000e1c00000)
  from space 10240K, 0% used [0x00000000e2780000,0x00000000e2780000,0x00000000e3180000)
  to   space 11776K, 0% used [0x00000000e1c00000,0x00000000e1c00000,0x00000000e2780000)
 ParOldGen       total 77824K, used 15152K [0x0000000081c00000, 0x0000000086800000, 0x00000000d5f00000)
  object space 77824K, 19% used [0x0000000081c00000,0x0000000082acc1f0,0x0000000086800000)
 Metaspace       used 33946K, capacity 35298K, committed 35456K, reserved 1079296K
  class space    used 4344K, capacity 4620K, committed 4736K, reserved 1048576K
}
Event: 17.163 GC heap before
{Heap before GC invocations=11 (full 2):
 PSYoungGen      total 203776K, used 193536K [0x00000000d5f00000, 0x00000000e4b80000, 0x0000000100000000)
  eden space 193536K, 100% used [0x00000000d5f00000,0x00000000e1c00000,0x00000000e1c00000)
  from space 10240K, 0% used [0x00000000e2780000,0x00000000e2780000,0x00000000e3180000)
  to   space 11776K, 0% used [0x00000000e1c00000,0x00000000e1c00000,0x00000000e2780000)
 ParOldGen       total 77824K, used 15152K [0x0000000081c00000, 0x0000000086800000, 0x00000000d5f00000)
  object space 77824K, 19% used [0x0000000081c00000,0x0000000082acc1f0,0x0000000086800000)
 Metaspace       used 41337K, capacity 43252K, committed 43392K, reserved 1087488K
  class space    used 5293K, capacity 5649K, committed 5760K, reserved 1048576K
Event: 17.187 GC heap after
Heap after GC invocations=11 (full 2):
 PSYoungGen      total 205312K, used 11755K [0x00000000d5f00000, 0x00000000e7600000, 0x0000000100000000)
  eden space 193536K, 0% used [0x00000000d5f00000,0x00000000d5f00000,0x00000000e1c00000)
  from space 11776K, 99% used [0x00000000e1c00000,0x00000000e277ad80,0x00000000e2780000)
  to   space 14848K, 0% used [0x00000000e6780000,0x00000000e6780000,0x00000000e7600000)
 ParOldGen       total 77824K, used 18375K [0x0000000081c00000, 0x0000000086800000, 0x00000000d5f00000)
  object space 77824K, 23% used [0x0000000081c00000,0x0000000082df1fa8,0x0000000086800000)
 Metaspace       used 41337K, capacity 43252K, committed 43392K, reserved 1087488K
  class space    used 5293K, capacity 5649K, committed 5760K, reserved 1048576K
}
Event: 19.545 GC heap before
{Heap before GC invocations=12 (full 2):
 PSYoungGen      total 205312K, used 154258K [0x00000000d5f00000, 0x00000000e7600000, 0x0000000100000000)
  eden space 193536K, 73% used [0x00000000d5f00000,0x00000000dea29c88,0x00000000e1c00000)
  from space 11776K, 99% used [0x00000000e1c00000,0x00000000e277ad80,0x00000000e2780000)
  to   space 14848K, 0% used [0x00000000e6780000,0x00000000e6780000,0x00000000e7600000)
 ParOldGen       total 77824K, used 18375K [0x0000000081c00000, 0x0000000086800000, 0x00000000d5f00000)
  object space 77824K, 23% used [0x0000000081c00000,0x0000000082df1fa8,0x0000000086800000)
 Metaspace       used 48952K, capacity 51398K, committed 51456K, reserved 1097728K
  class space    used 6417K, capacity 6860K, committed 6912K, reserved 1048576K

